<?xml version="1.0" encoding="UTF-8"?>
<testsuite xmlns:xsi="http://www.w3.org/2001/XMLSchema-instance" xsi:noNamespaceSchemaLocation="https://maven.apache.org/surefire/maven-surefire-plugin/xsd/surefire-test-report-3.0.xsd" version="3.0" name="TestSuite" time="45.293" tests="4" errors="0" skipped="0" failures="0">
  <properties>
    <property name="sun.desktop" value="windows"/>
    <property name="awt.toolkit" value="sun.awt.windows.WToolkit"/>
    <property name="file.encoding.pkg" value="sun.io"/>
    <property name="java.specification.version" value="1.8"/>
    <property name="webdriver.chrome.driver" value="C:\Users\SIR\.cache\selenium\chromedriver\win32\90.0.4430.24\chromedriver.exe"/>
    <property name="sun.cpu.isalist" value="amd64"/>
    <property name="sun.jnu.encoding" value="Cp1252"/>
    <property name="java.class.path" value="C:\Java\E2EProject\target\test-classes;C:\Java\E2EProject\target\classes;C:\Users\SIR\.m2\repository\junit\junit\4.11\junit-4.11.jar;C:\Users\SIR\.m2\repository\org\hamcrest\hamcrest-core\1.3\hamcrest-core-1.3.jar;C:\Users\SIR\.m2\repository\commons-io\commons-io\2.8.0\commons-io-2.8.0.jar;C:\Users\SIR\.m2\repository\com\aventstack\extentreports\5.0.1\extentreports-5.0.1.jar;C:\Users\SIR\.m2\repository\io\reactivex\rxjava3\rxjava\3.0.4\rxjava-3.0.4.jar;C:\Users\SIR\.m2\repository\org\reactivestreams\reactive-streams\1.0.3\reactive-streams-1.0.3.jar;C:\Users\SIR\.m2\repository\org\freemarker\freemarker\2.3.30\freemarker-2.3.30.jar;C:\Users\SIR\.m2\repository\org\projectlombok\lombok\1.18.12\lombok-1.18.12.jar;C:\Users\SIR\.m2\repository\com\google\code\gson\gson\2.8.6\gson-2.8.6.jar;C:\Users\SIR\.m2\repository\org\seleniumhq\selenium\selenium-java\3.141.59\selenium-java-3.141.59.jar;C:\Users\SIR\.m2\repository\org\seleniumhq\selenium\selenium-api\3.141.59\selenium-api-3.141.59.jar;C:\Users\SIR\.m2\repository\org\seleniumhq\selenium\selenium-chrome-driver\3.141.59\selenium-chrome-driver-3.141.59.jar;C:\Users\SIR\.m2\repository\org\seleniumhq\selenium\selenium-edge-driver\3.141.59\selenium-edge-driver-3.141.59.jar;C:\Users\SIR\.m2\repository\org\seleniumhq\selenium\selenium-firefox-driver\3.141.59\selenium-firefox-driver-3.141.59.jar;C:\Users\SIR\.m2\repository\org\seleniumhq\selenium\selenium-ie-driver\3.141.59\selenium-ie-driver-3.141.59.jar;C:\Users\SIR\.m2\repository\org\seleniumhq\selenium\selenium-opera-driver\3.141.59\selenium-opera-driver-3.141.59.jar;C:\Users\SIR\.m2\repository\org\seleniumhq\selenium\selenium-remote-driver\3.141.59\selenium-remote-driver-3.141.59.jar;C:\Users\SIR\.m2\repository\org\seleniumhq\selenium\selenium-safari-driver\3.141.59\selenium-safari-driver-3.141.59.jar;C:\Users\SIR\.m2\repository\org\seleniumhq\selenium\selenium-support\3.141.59\selenium-support-3.141.59.jar;C:\Users\SIR\.m2\repository\net\bytebuddy\byte-buddy\1.8.15\byte-buddy-1.8.15.jar;C:\Users\SIR\.m2\repository\org\apache\commons\commons-exec\1.3\commons-exec-1.3.jar;C:\Users\SIR\.m2\repository\com\google\guava\guava\25.0-jre\guava-25.0-jre.jar;C:\Users\SIR\.m2\repository\com\google\code\findbugs\jsr305\1.3.9\jsr305-1.3.9.jar;C:\Users\SIR\.m2\repository\org\checkerframework\checker-compat-qual\2.0.0\checker-compat-qual-2.0.0.jar;C:\Users\SIR\.m2\repository\com\google\errorprone\error_prone_annotations\2.1.3\error_prone_annotations-2.1.3.jar;C:\Users\SIR\.m2\repository\com\google\j2objc\j2objc-annotations\1.1\j2objc-annotations-1.1.jar;C:\Users\SIR\.m2\repository\org\codehaus\mojo\animal-sniffer-annotations\1.14\animal-sniffer-annotations-1.14.jar;C:\Users\SIR\.m2\repository\com\squareup\okhttp3\okhttp\3.11.0\okhttp-3.11.0.jar;C:\Users\SIR\.m2\repository\com\squareup\okio\okio\1.14.0\okio-1.14.0.jar;C:\Users\SIR\.m2\repository\io\github\bonigarcia\webdrivermanager\4.4.0\webdrivermanager-4.4.0.jar;C:\Users\SIR\.m2\repository\org\slf4j\slf4j-api\1.7.30\slf4j-api-1.7.30.jar;C:\Users\SIR\.m2\repository\org\apache\commons\commons-lang3\3.12.0\commons-lang3-3.12.0.jar;C:\Users\SIR\.m2\repository\org\apache\httpcomponents\client5\httpclient5\5.0.3\httpclient5-5.0.3.jar;C:\Users\SIR\.m2\repository\org\apache\httpcomponents\core5\httpcore5\5.0.2\httpcore5-5.0.2.jar;C:\Users\SIR\.m2\repository\org\apache\httpcomponents\core5\httpcore5-h2\5.0.2\httpcore5-h2-5.0.2.jar;C:\Users\SIR\.m2\repository\commons-codec\commons-codec\1.13\commons-codec-1.13.jar;C:\Users\SIR\.m2\repository\org\rauschig\jarchivelib\1.1.0\jarchivelib-1.1.0.jar;C:\Users\SIR\.m2\repository\org\apache\commons\commons-compress\1.20\commons-compress-1.20.jar;C:\Users\SIR\.m2\repository\org\jsoup\jsoup\1.13.1\jsoup-1.13.1.jar;C:\Users\SIR\.m2\repository\org\testng\testng\7.3.0\testng-7.3.0.jar;C:\Users\SIR\.m2\repository\com\beust\jcommander\1.78\jcommander-1.78.jar;C:\Users\SIR\.m2\repository\org\apache\ant\ant\1.10.3\ant-1.10.3.jar;C:\Users\SIR\.m2\repository\org\apache\ant\ant-launcher\1.10.3\ant-launcher-1.10.3.jar;C:\Users\SIR\.m2\repository\com\google\inject\guice\4.2.2\guice-4.2.2-no_aop.jar;C:\Users\SIR\.m2\repository\javax\inject\javax.inject\1\javax.inject-1.jar;C:\Users\SIR\.m2\repository\aopalliance\aopalliance\1.0\aopalliance-1.0.jar;C:\Users\SIR\.m2\repository\org\yaml\snakeyaml\1.21\snakeyaml-1.21.jar;C:\Users\SIR\.m2\repository\org\apache\logging\log4j\log4j-api\2.14.1\log4j-api-2.14.1.jar;C:\Users\SIR\.m2\repository\org\apache\logging\log4j\log4j-core\2.14.1\log4j-core-2.14.1.jar;"/>
    <property name="java.vm.vendor" value="Oracle Corporation"/>
    <property name="sun.arch.data.model" value="64"/>
    <property name="user.variant" value=""/>
    <property name="java.vendor.url" value="http://java.oracle.com/"/>
    <property name="user.timezone" value="Asia/Calcutta"/>
    <property name="java.vm.specification.version" value="1.8"/>
    <property name="os.name" value="Windows 10"/>
    <property name="user.country" value="US"/>
    <property name="sun.java.launcher" value="SUN_STANDARD"/>
    <property name="sun.boot.library.path" value="C:\Program Files\Java\jre1.8.0_281\bin"/>
    <property name="sun.java.command" value="C:\Users\SIR\AppData\Local\Temp\surefire4042562464800104262\surefirebooter2160336688379446376.jar C:\Users\SIR\AppData\Local\Temp\surefire4042562464800104262 2021-05-13T08-33-22_826-jvmRun1 surefire1698296557798804961tmp surefire_07162074488071460296tmp"/>
    <property name="surefire.test.class.path" value="C:\Java\E2EProject\target\test-classes;C:\Java\E2EProject\target\classes;C:\Users\SIR\.m2\repository\junit\junit\4.11\junit-4.11.jar;C:\Users\SIR\.m2\repository\org\hamcrest\hamcrest-core\1.3\hamcrest-core-1.3.jar;C:\Users\SIR\.m2\repository\commons-io\commons-io\2.8.0\commons-io-2.8.0.jar;C:\Users\SIR\.m2\repository\com\aventstack\extentreports\5.0.1\extentreports-5.0.1.jar;C:\Users\SIR\.m2\repository\io\reactivex\rxjava3\rxjava\3.0.4\rxjava-3.0.4.jar;C:\Users\SIR\.m2\repository\org\reactivestreams\reactive-streams\1.0.3\reactive-streams-1.0.3.jar;C:\Users\SIR\.m2\repository\org\freemarker\freemarker\2.3.30\freemarker-2.3.30.jar;C:\Users\SIR\.m2\repository\org\projectlombok\lombok\1.18.12\lombok-1.18.12.jar;C:\Users\SIR\.m2\repository\com\google\code\gson\gson\2.8.6\gson-2.8.6.jar;C:\Users\SIR\.m2\repository\org\seleniumhq\selenium\selenium-java\3.141.59\selenium-java-3.141.59.jar;C:\Users\SIR\.m2\repository\org\seleniumhq\selenium\selenium-api\3.141.59\selenium-api-3.141.59.jar;C:\Users\SIR\.m2\repository\org\seleniumhq\selenium\selenium-chrome-driver\3.141.59\selenium-chrome-driver-3.141.59.jar;C:\Users\SIR\.m2\repository\org\seleniumhq\selenium\selenium-edge-driver\3.141.59\selenium-edge-driver-3.141.59.jar;C:\Users\SIR\.m2\repository\org\seleniumhq\selenium\selenium-firefox-driver\3.141.59\selenium-firefox-driver-3.141.59.jar;C:\Users\SIR\.m2\repository\org\seleniumhq\selenium\selenium-ie-driver\3.141.59\selenium-ie-driver-3.141.59.jar;C:\Users\SIR\.m2\repository\org\seleniumhq\selenium\selenium-opera-driver\3.141.59\selenium-opera-driver-3.141.59.jar;C:\Users\SIR\.m2\repository\org\seleniumhq\selenium\selenium-remote-driver\3.141.59\selenium-remote-driver-3.141.59.jar;C:\Users\SIR\.m2\repository\org\seleniumhq\selenium\selenium-safari-driver\3.141.59\selenium-safari-driver-3.141.59.jar;C:\Users\SIR\.m2\repository\org\seleniumhq\selenium\selenium-support\3.141.59\selenium-support-3.141.59.jar;C:\Users\SIR\.m2\repository\net\bytebuddy\byte-buddy\1.8.15\byte-buddy-1.8.15.jar;C:\Users\SIR\.m2\repository\org\apache\commons\commons-exec\1.3\commons-exec-1.3.jar;C:\Users\SIR\.m2\repository\com\google\guava\guava\25.0-jre\guava-25.0-jre.jar;C:\Users\SIR\.m2\repository\com\google\code\findbugs\jsr305\1.3.9\jsr305-1.3.9.jar;C:\Users\SIR\.m2\repository\org\checkerframework\checker-compat-qual\2.0.0\checker-compat-qual-2.0.0.jar;C:\Users\SIR\.m2\repository\com\google\errorprone\error_prone_annotations\2.1.3\error_prone_annotations-2.1.3.jar;C:\Users\SIR\.m2\repository\com\google\j2objc\j2objc-annotations\1.1\j2objc-annotations-1.1.jar;C:\Users\SIR\.m2\repository\org\codehaus\mojo\animal-sniffer-annotations\1.14\animal-sniffer-annotations-1.14.jar;C:\Users\SIR\.m2\repository\com\squareup\okhttp3\okhttp\3.11.0\okhttp-3.11.0.jar;C:\Users\SIR\.m2\repository\com\squareup\okio\okio\1.14.0\okio-1.14.0.jar;C:\Users\SIR\.m2\repository\io\github\bonigarcia\webdrivermanager\4.4.0\webdrivermanager-4.4.0.jar;C:\Users\SIR\.m2\repository\org\slf4j\slf4j-api\1.7.30\slf4j-api-1.7.30.jar;C:\Users\SIR\.m2\repository\org\apache\commons\commons-lang3\3.12.0\commons-lang3-3.12.0.jar;C:\Users\SIR\.m2\repository\org\apache\httpcomponents\client5\httpclient5\5.0.3\httpclient5-5.0.3.jar;C:\Users\SIR\.m2\repository\org\apache\httpcomponents\core5\httpcore5\5.0.2\httpcore5-5.0.2.jar;C:\Users\SIR\.m2\repository\org\apache\httpcomponents\core5\httpcore5-h2\5.0.2\httpcore5-h2-5.0.2.jar;C:\Users\SIR\.m2\repository\commons-codec\commons-codec\1.13\commons-codec-1.13.jar;C:\Users\SIR\.m2\repository\org\rauschig\jarchivelib\1.1.0\jarchivelib-1.1.0.jar;C:\Users\SIR\.m2\repository\org\apache\commons\commons-compress\1.20\commons-compress-1.20.jar;C:\Users\SIR\.m2\repository\org\jsoup\jsoup\1.13.1\jsoup-1.13.1.jar;C:\Users\SIR\.m2\repository\org\testng\testng\7.3.0\testng-7.3.0.jar;C:\Users\SIR\.m2\repository\com\beust\jcommander\1.78\jcommander-1.78.jar;C:\Users\SIR\.m2\repository\org\apache\ant\ant\1.10.3\ant-1.10.3.jar;C:\Users\SIR\.m2\repository\org\apache\ant\ant-launcher\1.10.3\ant-launcher-1.10.3.jar;C:\Users\SIR\.m2\repository\com\google\inject\guice\4.2.2\guice-4.2.2-no_aop.jar;C:\Users\SIR\.m2\repository\javax\inject\javax.inject\1\javax.inject-1.jar;C:\Users\SIR\.m2\repository\aopalliance\aopalliance\1.0\aopalliance-1.0.jar;C:\Users\SIR\.m2\repository\org\yaml\snakeyaml\1.21\snakeyaml-1.21.jar;C:\Users\SIR\.m2\repository\org\apache\logging\log4j\log4j-api\2.14.1\log4j-api-2.14.1.jar;C:\Users\SIR\.m2\repository\org\apache\logging\log4j\log4j-core\2.14.1\log4j-core-2.14.1.jar;"/>
    <property name="sun.cpu.endian" value="little"/>
    <property name="user.home" value="C:\Users\SIR"/>
    <property name="user.language" value="en"/>
    <property name="java.specification.vendor" value="Oracle Corporation"/>
    <property name="java.home" value="C:\Program Files\Java\jre1.8.0_281"/>
    <property name="basedir" value="C:\Java\E2EProject"/>
    <property name="file.separator" value="\"/>
    <property name="line.separator" value="&#10;"/>
    <property name="java.vm.specification.vendor" value="Oracle Corporation"/>
    <property name="java.specification.name" value="Java Platform API Specification"/>
    <property name="java.awt.graphicsenv" value="sun.awt.Win32GraphicsEnvironment"/>
    <property name="surefire.real.class.path" value="C:\Users\SIR\AppData\Local\Temp\surefire4042562464800104262\surefirebooter2160336688379446376.jar"/>
    <property name="sun.boot.class.path" value="C:\Program Files\Java\jre1.8.0_281\lib\resources.jar;C:\Program Files\Java\jre1.8.0_281\lib\rt.jar;C:\Program Files\Java\jre1.8.0_281\lib\sunrsasign.jar;C:\Program Files\Java\jre1.8.0_281\lib\jsse.jar;C:\Program Files\Java\jre1.8.0_281\lib\jce.jar;C:\Program Files\Java\jre1.8.0_281\lib\charsets.jar;C:\Program Files\Java\jre1.8.0_281\lib\jfr.jar;C:\Program Files\Java\jre1.8.0_281\classes"/>
    <property name="user.script" value=""/>
    <property name="sun.management.compiler" value="HotSpot 64-Bit Tiered Compilers"/>
    <property name="java.runtime.version" value="1.8.0_281-b09"/>
    <property name="user.name" value="SIR"/>
    <property name="path.separator" value=";"/>
    <property name="os.version" value="10.0"/>
    <property name="java.endorsed.dirs" value="C:\Program Files\Java\jre1.8.0_281\lib\endorsed"/>
    <property name="java.runtime.name" value="Java(TM) SE Runtime Environment"/>
    <property name="file.encoding" value="Cp1252"/>
    <property name="browser" value="chrome"/>
    <property name="java.vm.name" value="Java HotSpot(TM) 64-Bit Server VM"/>
    <property name="localRepository" value="C:\Users\SIR\.m2\repository"/>
    <property name="java.vendor.url.bug" value="http://bugreport.sun.com/bugreport/"/>
    <property name="java.io.tmpdir" value="C:\Users\SIR\AppData\Local\Temp\"/>
    <property name="java.version" value="1.8.0_281"/>
    <property name="user.dir" value="C:\Java\E2EProject"/>
    <property name="os.arch" value="amd64"/>
    <property name="java.vm.specification.name" value="Java Virtual Machine Specification"/>
    <property name="java.awt.printerjob" value="sun.awt.windows.WPrinterJob"/>
    <property name="sun.os.patch.level" value=""/>
    <property name="java.library.path" value="C:\Program Files\Java\jre1.8.0_281\bin;C:\WINDOWS\Sun\Java\bin;C:\WINDOWS\system32;C:\WINDOWS;C:\Program Files (x86)\Common Files\Oracle\Java\javapath;C:\WINDOWS\system32;C:\WINDOWS;C:\WINDOWS\System32\Wbem;C:\WINDOWS\System32\WindowsPowerShell\v1.0\;C:\WINDOWS\System32\OpenSSH\;C:\Program Files\Git\cmd;C:\Program Files\Java\jre1.8.0_281\bin;E:\chromedriver.exe;C:\Program Files\Java\jdk1.8.0_281\bin;C:\Java\apache-maven-3.8.1\bin;C:\Users\SIR\AppData\Local\Microsoft\WindowsApps;C:\Users\SIR\AppData\Local\Programs\Python\Python38-32;C:\Users\SIR\AppData\Local\Programs\Python\Python38-32\Scripts;;."/>
    <property name="java.vm.info" value="mixed mode"/>
    <property name="java.vendor" value="Oracle Corporation"/>
    <property name="java.vm.version" value="25.281-b09"/>
    <property name="java.ext.dirs" value="C:\Program Files\Java\jre1.8.0_281\lib\ext;C:\WINDOWS\Sun\Java\lib\ext"/>
    <property name="sun.io.unicode.encoding" value="UnicodeLittle"/>
    <property name="java.class.version" value="52.0"/>
  </properties>
  <testcase name="basePageNavigation" classname="Academy.E2EProject.ValidateNavigation" time="0.39">
    <system-err><![CDATA[SLF4J: Failed to load class "org.slf4j.impl.StaticLoggerBinder".
SLF4J: Defaulting to no-operation (NOP) logger implementation
SLF4J: See http://www.slf4j.org/codes.html#StaticLoggerBinder for further details.
SSStttaaarrtritnig ChromeDriver 9nt0.0.4430.24 (4c6d850f087da467d926e8eddb76550aedigng ChromeDriver 90.0.4463505 9C9.h2r14o-m re(eD4rcfi6svd/8eb5rr0 a9f00n.8c07hd.-a4h44e63a70d.ds92/424 64(e3480ec@d6{dd8b#57406f25095}807)ad eodn 6p5o5rt9 9417-75r2ef
Osn/lbyr laonccahl -choenandesct/i4o4n3s 0a@r{e #a4lla24o9w}6e7)dd .9o2n
6 Pepl8oeerdatsd eb3 716s0e525e20 ah
etOtdnp6ls5y: 5/l9/o9cc1ah-rlro ecmfeosdn/rnbreiancvcteh-irh.oeancdshsr /4ao4rm3e0i u@a{m#l.lo4or2gw9e/}ds).ec u
orPnli tepyaos-rtce o 33ns5se2ei6d 
hertaOttnpilsyo: n//sclh orofcmoaelrdr  icvsoeunnergc.gcthersotiimonions su omarn.e k oeareglpl/iosnewgecdu .Crhir
toPyml-eecDaornsesi ivsdeeerer a shtatiftposen.:s/ 
/fcorh rsoumggeedsrtiiovnesr o.nc hkereopmiinumg. Corhgr/omseecDurriivtey-rc osnafsied.
erations for suggestions on keeping ChromeDriver safe.
ChromeDriver was started successfully.
ChromeDriver was started successfully.
ChromeDriver was started successfully.
May 13, 2021 8:33:39 AM org.openqa.selenium.remote.ProtocolHandshake createSession
INFO: Detected dialect: W3C
May 13, 2021 8:33:39 AM org.openqa.selenium.remote.ProtocolHandshake createSession
INFO: Detected dialect: W3C
May 13, 2021 8:33:39 AM org.openqa.selenium.remote.ProtocolHandshake createSession
INFO: Detected dialect: W3C
]]></system-err>
  </testcase>
  <testcase name="initialize" classname="Academy.E2EProject.ValidateTitle" time="14.452">
    <system-err><![CDATA[Starting ChromeDriver 90.0.4430.24 (4c6d850f087da467d926e8eddb76550aed655991-refs/branch-heads/4430@{#429}) on port 29641
Only local connections are allowed.
Please see https://chromedriver.chromium.org/security-considerations for suggestions on keeping ChromeDriver safe.
ChromeDriver was started successfully.
May 13, 2021 8:33:52 AM org.openqa.selenium.remote.ProtocolHandshake createSession
INFO: Detected dialect: W3C
]]></system-err>
  </testcase>
  <testcase name="basePageNavigation[nonrestricteduser, 123](1)" classname="Academy.E2EProject.HomePage" time="16.54"/>
  <testcase name="basePageNavigation[restricteduser, 123](2)" classname="Academy.E2EProject.HomePage" time="5.443"/>
</testsuite>