<?xml version="1.0" encoding="UTF-8"?>
<!-- Generated by org.testng.reporters.JUnitReportReporter -->
<testsuite hostname="DESKTOP-3FVSPQE" failures="0" tests="2" name="Academy.E2EProject.HomePage" time="20.428" errors="0" timestamp="2021-05-09T17:03:42 IST" skipped="0">
  <testcase classname="Academy.E2EProject.HomePage" name="basePageNavigation" time="8.389"/>
  <system-out/>
  <testcase classname="Academy.E2EProject.HomePage" name="basePageNavigation" time="12.039"/>
  <system-out/>
</testsuite> <!-- Academy.E2EProject.HomePage -->
