<?xml version="1.0" encoding="UTF-8"?>
<!-- Generated by org.testng.reporters.JUnitReportReporter -->
<testsuite hostname="DESKTOP-3FVSPQE" failures="0" tests="1" name="Academy.E2EProject.ValidateNavigation" time="0.700" errors="0" timestamp="2021-05-09T17:03:42 IST" skipped="0">
  <testcase classname="Academy.E2EProject.ValidateNavigation" name="basePageNavigation" time="0.700"/>
  <system-out/>
</testsuite> <!-- Academy.E2EProject.ValidateNavigation -->
