<?xml version="1.0" encoding="UTF-8"?>
<!-- Generated by org.testng.reporters.JUnitReportReporter -->
<testsuite skipped="0" hostname="DESKTOP-3FVSPQE" name="Academy.E2EProject.ValidateNavigation" tests="1" failures="0" timestamp="2021-05-13T08:34:10 IST" time="0.388" errors="0">
  <testcase name="basePageNavigation" time="0.388" classname="Academy.E2EProject.ValidateNavigation"/>
  <system-out/>
</testsuite> <!-- Academy.E2EProject.ValidateNavigation -->
