<?xml version="1.0" encoding="UTF-8"?>
<!-- Generated by org.testng.reporters.JUnitReportReporter -->
<testsuite skipped="0" hostname="DESKTOP-3FVSPQE" name="Academy.E2EProject.ValidateTitle" tests="1" failures="0" timestamp="2021-05-13T08:34:10 IST" time="14.288" errors="0">
  <testcase name="initialize" time="14.288" classname="Academy.E2EProject.ValidateTitle"/>
  <system-out/>
</testsuite> <!-- Academy.E2EProject.ValidateTitle -->
