<?xml version="1.0" encoding="UTF-8"?>
<!-- Generated by org.testng.reporters.JUnitReportReporter -->
<testsuite skipped="0" hostname="DESKTOP-3FVSPQE" name="Academy.E2EProject.HomePage" tests="2" failures="0" timestamp="2021-05-13T08:34:10 IST" time="22.897" errors="0">
  <testcase name="basePageNavigation" time="5.443" classname="Academy.E2EProject.HomePage"/>
  <system-out/>
  <testcase name="basePageNavigation" time="17.454" classname="Academy.E2EProject.HomePage"/>
  <system-out/>
</testsuite> <!-- Academy.E2EProject.HomePage -->
